Using pre-set license
Built from '2020.3/staging' branch; Version is '2020.3.8f1 (507919d4fff5) revision 5273881'; Using compiler version '192528614'; Build Type 'Release'
OS: 'Windows 10 Home; OS build 19044.1706; Version 2009; 64bit' Language: 'fr' Physical Memory: 16209 MB
BatchMode: 1, IsHumanControllingUs: 0, StartBugReporterOnCrash: 0, Is64bit: 1, IsPro: 0

 COMMAND LINE ARGUMENTS:
C:\Program Files\Unity\Hub\Editor\2020.3.8f1\Editor\Unity.exe
-adb2
-batchMode
-noUpm
-name
AssetImportWorker0
-projectPath
D:/UnityBoltPlatformer-main/Saison_3_oskour
-logFile
Logs/AssetImportWorker0.log
-srvPort
59354
Successfully changed project path to: D:/UnityBoltPlatformer-main/Saison_3_oskour
D:/UnityBoltPlatformer-main/Saison_3_oskour
Using Asset Import Pipeline V2.
Refreshing native plugins compatible for Editor in 47.52 ms, found 1 plugins.
Preloading 0 native plugins for Editor in 0.00 ms.
Initialize engine version: 2020.3.8f1 (507919d4fff5)
[Subsystems] Discovering subsystems at path C:/Program Files/Unity/Hub/Editor/2020.3.8f1/Editor/Data/Resources/UnitySubsystems
[Subsystems] Discovering subsystems at path D:/UnityBoltPlatformer-main/Saison_3_oskour/Assets
GfxDevice: creating device client; threaded=0
Direct3D:
    Version:  Direct3D 11.0 [level 11.1]
    Renderer: NVIDIA GeForce RTX 2070 SUPER (ID=0x1e84)
    Vendor:   
    VRAM:     8012 MB
    Driver:   30.0.15.1213
Initialize mono
Mono path[0] = 'C:/Program Files/Unity/Hub/Editor/2020.3.8f1/Editor/Data/Managed'
Mono path[1] = 'C:/Program Files/Unity/Hub/Editor/2020.3.8f1/Editor/Data/MonoBleedingEdge/lib/mono/unityjit'
Mono config path = 'C:/Program Files/Unity/Hub/Editor/2020.3.8f1/Editor/Data/MonoBleedingEdge/etc'
Using monoOptions --debugger-agent=transport=dt_socket,embedding=1,server=y,suspend=n,address=127.0.0.1:56780
Begin MonoManager ReloadAssembly
Registering precompiled unity dll's ...
Register platform support module: C:/Program Files/Unity/Hub/Editor/2020.3.8f1/Editor/Data/PlaybackEngines/WindowsStandaloneSupport/UnityEditor.WindowsStandalone.Extensions.dll
Registered in 0.002458 seconds.
Native extension for WindowsStandalone target not found
Refreshing native plugins compatible for Editor in 41.12 ms, found 1 plugins.
Preloading 0 native plugins for Editor in 0.00 ms.
Mono: successfully reloaded assembly
- Completed reload, in  1.068 seconds
Platform modules already initialized, skipping
Registering precompiled user dll's ...
Registered in 0.009886 seconds.
Begin MonoManager ReloadAssembly
Native extension for WindowsStandalone target not found
Refreshing native plugins compatible for Editor in 39.80 ms, found 1 plugins.
Preloading 0 native plugins for Editor in 0.00 ms.
Mono: successfully reloaded assembly
- Completed reload, in  0.933 seconds
Platform modules already initialized, skipping
========================================================================
Worker process is ready to serve import requests
Shader 'Universal Render Pipeline/Particles/Lit': fallback shader 'Universal Render Pipeline/Particles/SimpleLit' not found
Shader 'Universal Render Pipeline/Particles/Lit': fallback shader 'Universal Render Pipeline/Particles/SimpleLit' not found
Launched and connected shader compiler UnityShaderCompiler.exe after 0.04 seconds
Refreshing native plugins compatible for Editor in 0.46 ms, found 1 plugins.
Preloading 0 native plugins for Editor in 0.00 ms.
Unloading 2437 Unused Serialized files (Serialized files now loaded: 0)
System memory in use before: 117.4 MB.
System memory in use after: 114.5 MB.

Unloading 61 unused Assets to reduce memory usage. Loaded Objects now: 2920.
Total: 3.178600 ms (FindLiveObjects: 0.209000 ms CreateObjectMapping: 0.101300 ms MarkObjects: 1.570700 ms  DeleteObjects: 1.296600 ms)

========================================================================
Received Import Request.
  path: Assets/Prefab/Main Camera.prefab
  artifactKey: Guid(346fc0dafefe851418a3b522d6bd6ccf) Importer(815301076,1909f56bfc062723c751e8b465ee728b)
Start importing Assets/Prefab/Main Camera.prefab using Guid(346fc0dafefe851418a3b522d6bd6ccf) Importer(815301076,1909f56bfc062723c751e8b465ee728b)  -> (artifact id: '9be6b8cc4776c5821568d548fb4dd484') in 0.520524 seconds
  Import took 0.523651 seconds .

========================================================================
Received Import Request.
  Time since last request: 0.000233 seconds.
  path: Assets/Prefab/Player Variant.prefab
  artifactKey: Guid(fecd278027b4bcb40b462627357ca48d) Importer(815301076,1909f56bfc062723c751e8b465ee728b)
Start importing Assets/Prefab/Player Variant.prefab using Guid(fecd278027b4bcb40b462627357ca48d) Importer(815301076,1909f56bfc062723c751e8b465ee728b)  -> (artifact id: '5a0e892f9b75e8f8523b8922d5dcbb61') in 0.223765 seconds
  Import took 0.226736 seconds .

========================================================================
Received Import Request.
  Time since last request: 0.000223 seconds.
  path: Assets/Prefab/Player.prefab
  artifactKey: Guid(7f34c4a2c6a4caa4790d0c9576b78232) Importer(815301076,1909f56bfc062723c751e8b465ee728b)
Start importing Assets/Prefab/Player.prefab using Guid(7f34c4a2c6a4caa4790d0c9576b78232) Importer(815301076,1909f56bfc062723c751e8b465ee728b)  -> (artifact id: '8432fe78deb1326600cb23405c724e51') in 0.191163 seconds
  Import took 0.194304 seconds .

========================================================================
Received Prepare
Registering precompiled user dll's ...
Registered in 0.009028 seconds.
Begin MonoManager ReloadAssembly
Native extension for WindowsStandalone target not found
Refreshing native plugins compatible for Editor in 0.48 ms, found 1 plugins.
Preloading 0 native plugins for Editor in 0.00 ms.
Mono: successfully reloaded assembly
- Completed reload, in  0.949 seconds
Platform modules already initialized, skipping
Shader 'Universal Render Pipeline/Particles/Lit': fallback shader 'Universal Render Pipeline/Particles/SimpleLit' not found
Shader 'Universal Render Pipeline/Particles/Lit': fallback shader 'Universal Render Pipeline/Particles/SimpleLit' not found
Refreshing native plugins compatible for Editor in 0.48 ms, found 1 plugins.
Preloading 0 native plugins for Editor in 0.00 ms.
Unloading 2362 Unused Serialized files (Serialized files now loaded: 0)
System memory in use before: 119.0 MB.
System memory in use after: 116.3 MB.

Unloading 56 unused Assets to reduce memory usage. Loaded Objects now: 2970.
Total: 3.078100 ms (FindLiveObjects: 0.236700 ms CreateObjectMapping: 0.101000 ms MarkObjects: 1.579300 ms  DeleteObjects: 1.160100 ms)

========================================================================
Received Prepare
Registering precompiled user dll's ...
Registered in 0.009481 seconds.
Begin MonoManager ReloadAssembly
Native extension for WindowsStandalone target not found
Refreshing native plugins compatible for Editor in 0.53 ms, found 1 plugins.
Preloading 0 native plugins for Editor in 0.00 ms.
Mono: successfully reloaded assembly
- Completed reload, in  0.904 seconds
Platform modules already initialized, skipping
Shader 'Universal Render Pipeline/Particles/Lit': fallback shader 'Universal Render Pipeline/Particles/SimpleLit' not found
Shader 'Universal Render Pipeline/Particles/Lit': fallback shader 'Universal Render Pipeline/Particles/SimpleLit' not found
Refreshing native plugins compatible for Editor in 0.65 ms, found 1 plugins.
Preloading 0 native plugins for Editor in 0.00 ms.
Unloading 2362 Unused Serialized files (Serialized files now loaded: 0)
System memory in use before: 119.1 MB.
System memory in use after: 116.3 MB.

Unloading 56 unused Assets to reduce memory usage. Loaded Objects now: 2973.
Total: 3.341400 ms (FindLiveObjects: 0.252500 ms CreateObjectMapping: 0.100700 ms MarkObjects: 1.748700 ms  DeleteObjects: 1.238300 ms)

========================================================================
Received Prepare
Registering precompiled user dll's ...
Registered in 0.009419 seconds.
Begin MonoManager ReloadAssembly
Native extension for WindowsStandalone target not found
Refreshing native plugins compatible for Editor in 0.49 ms, found 1 plugins.
Preloading 0 native plugins for Editor in 0.00 ms.
Mono: successfully reloaded assembly
- Completed reload, in  0.902 seconds
Platform modules already initialized, skipping
Shader 'Universal Render Pipeline/Particles/Lit': fallback shader 'Universal Render Pipeline/Particles/SimpleLit' not found
Shader 'Universal Render Pipeline/Particles/Lit': fallback shader 'Universal Render Pipeline/Particles/SimpleLit' not found
Refreshing native plugins compatible for Editor in 0.49 ms, found 1 plugins.
Preloading 0 native plugins for Editor in 0.00 ms.
Unloading 2362 Unused Serialized files (Serialized files now loaded: 0)
System memory in use before: 119.1 MB.
System memory in use after: 116.4 MB.

Unloading 56 unused Assets to reduce memory usage. Loaded Objects now: 2976.
Total: 3.405700 ms (FindLiveObjects: 0.244200 ms CreateObjectMapping: 0.107500 ms MarkObjects: 1.595800 ms  DeleteObjects: 1.456900 ms)

========================================================================
Received Prepare
Registering precompiled user dll's ...
Registered in 0.010031 seconds.
Begin MonoManager ReloadAssembly
Native extension for WindowsStandalone target not found
Refreshing native plugins compatible for Editor in 0.49 ms, found 1 plugins.
Preloading 0 native plugins for Editor in 0.00 ms.
Mono: successfully reloaded assembly
- Completed reload, in  0.917 seconds
Platform modules already initialized, skipping
Shader 'Universal Render Pipeline/Particles/Lit': fallback shader 'Universal Render Pipeline/Particles/SimpleLit' not found
Shader 'Universal Render Pipeline/Particles/Lit': fallback shader 'Universal Render Pipeline/Particles/SimpleLit' not found
Refreshing native plugins compatible for Editor in 0.48 ms, found 1 plugins.
Preloading 0 native plugins for Editor in 0.00 ms.
Unloading 2362 Unused Serialized files (Serialized files now loaded: 0)
System memory in use before: 119.1 MB.
System memory in use after: 116.4 MB.

Unloading 56 unused Assets to reduce memory usage. Loaded Objects now: 2979.
Total: 3.078300 ms (FindLiveObjects: 0.205900 ms CreateObjectMapping: 0.086500 ms MarkObjects: 1.521400 ms  DeleteObjects: 1.263400 ms)

========================================================================
Received Prepare
Registering precompiled user dll's ...
Registered in 0.008541 seconds.
Begin MonoManager ReloadAssembly
Native extension for WindowsStandalone target not found
Refreshing native plugins compatible for Editor in 0.50 ms, found 1 plugins.
Preloading 0 native plugins for Editor in 0.00 ms.
Mono: successfully reloaded assembly
- Completed reload, in  0.932 seconds
Platform modules already initialized, skipping
Shader 'Universal Render Pipeline/Particles/Lit': fallback shader 'Universal Render Pipeline/Particles/SimpleLit' not found
Shader 'Universal Render Pipeline/Particles/Lit': fallback shader 'Universal Render Pipeline/Particles/SimpleLit' not found
Refreshing native plugins compatible for Editor in 0.48 ms, found 1 plugins.
Preloading 0 native plugins for Editor in 0.00 ms.
Unloading 2362 Unused Serialized files (Serialized files now loaded: 0)
System memory in use before: 119.1 MB.
System memory in use after: 116.3 MB.

Unloading 56 unused Assets to reduce memory usage. Loaded Objects now: 2982.
Total: 3.311700 ms (FindLiveObjects: 0.209200 ms CreateObjectMapping: 0.089800 ms MarkObjects: 1.712000 ms  DeleteObjects: 1.299800 ms)

AssetImportWorkerClient::OnTransportError - code=2 error=End of file
